<?xml version="1.0" encoding="UTF-8"?>
<testsuites name="jest tests" tests="7" failures="0" time="4.687">
  <testsuite name="actions" errors="0" failures="0" skipped="0" timestamp="2019-01-26T15:59:00" time="1.293" tests="1">
    <testcase classname="actions should create a login action" name="actions should create a login action" time="0.014">
    </testcase>
  </testsuite>
  <testsuite name="reducer" errors="0" failures="0" skipped="0" timestamp="2019-01-26T15:59:00" time="2.601" tests="3">
    <testcase classname="reducer should add exception" name="reducer should add exception" time="0.012">
    </testcase>
    <testcase classname="reducer should add and select entity" name="reducer should add and select entity" time="0.001">
    </testcase>
    <testcase classname="reducer should close an entity and select the next open one" name="reducer should close an entity and select the next open one" time="0.001">
    </testcase>
  </testsuite>
  <testsuite name="sagas" errors="0" failures="0" skipped="0" timestamp="2019-01-26T15:59:00" time="2.544" tests="3">
    <testcase classname="sagas should login and load spaces" name="sagas should login and load spaces" time="0.019">
    </testcase>
    <testcase classname="sagas should logout" name="sagas should logout" time="0.005">
    </testcase>
    <testcase classname="sagas should save entity" name="sagas should save entity" time="0.003">
    </testcase>
  </testsuite>
</testsuites>